


ARM Macro Assembler    Page 1 


    1 00000000                 AREA             TP2, CODE, READONLY
    2 00000000         
    3 00000000                 EXPORT           SRF05ECHO
    4 00000000         
    5 00000000         ; Affichage 
    6 00000000 400FE104 
                       RCGC1   EQU              0x400FE000+ 0x104
    7 00000000 400FE108 
                       RCGC2   EQU              0x400FE000+ 0x108
    8 00000000 40006400 
                       GPIODIRC
                               EQU              0x40006000+ 0x400
    9 00000000 40027400 
                       GPIODIRH
                               EQU              0x40027000+ 0x400
   10 00000000 4002751C 
                       GPIODENH
                               EQU              0x40027000+ 0x51C
   11 00000000 4000651C 
                       GPIODENC
                               EQU              0x40006000+ 0x51C
   12 00000000 40027020 
                       E       EQU              0x40027020
   13 00000000 40027010 
                       RW      EQU              0x40027010
   14 00000000 40006040 
                       RS      EQU              0x40006040
   15 00000000 400273C0 
                       DB4567  EQU              0x400273C0
   16 00000000         
   17 00000000         ; Timer
   18 00000000         
   19 00000000 40005000 
                       GPIOB   EQU              0X40005000
   20 00000000 40005010 
                       ECHO    EQU              GPIOB + (2_100<<2) ; 0000 0100 
                                                            => 0001 0000
   21 00000000 40005020 
                       TRIGGER EQU              GPIOB + (2_1000<<2) ; 0000 1000
                                                             => 0010 0000
   22 00000000         
   23 00000000         
   24 00000000 40005400 
                       GPIOBDIR
                               EQU              GPIOB + 0X400
   25 00000000 4000551C 
                       GPIOBDEN
                               EQU              GPIOB + 0X51C
   26 00000000 40005408 
                       GPIOBIBE
                               EQU              GPIOB + 0X408
   27 00000000 40005410 
                       GPIOBIM EQU              GPIOB + 0X410
   28 00000000 4000541C 
                       GPIOBICR
                               EQU              GPIOB + 0X41C
   29 00000000         
   30 00000000 E000E100 
                       NVIC    EQU              0xE000E100



ARM Macro Assembler    Page 2 


   31 00000000         
   32 00000000 40030000 
                       GPTMT0  EQU              0X40030000
   33 00000000 40030000 
                       GPTMCFG EQU              GPTMT0 + 0X0
   34 00000000 40030004 
                       GPTMTAMR
                               EQU              GPTMT0 + 0X4
   35 00000000 4003000C 
                       GPTMCTL EQU              GPTMT0 + 0XC
   36 00000000 40030028 
                       GPTMTAILR
                               EQU              GPTMT0 + 0X28
   37 00000000 40030050 
                       GPTMTAV EQU              GPTMT0 + 0X50
   38 00000000         
   39 00000000         
   40 00000000         ;Calcul
   41 00000000         
   42 00000000         
   43 00000000         
   44 00000000                 ENTRY
   45 00000000                 EXPORT           __main
   46 00000000         __main
   47 00000000         
   48 00000000         ;***************** INITIALISATION LCD ***************
   49 00000000         ;****************************************************
   50 00000000         
   51 00000000         ;***************** ACTIVATION DE L'HORLOGE **********
   52 00000000 48B5            LDR              R0, =RCGC2
   53 00000002 6801            LDR              R1, [R0]
   54 00000004 F04F 0286       LDR              R2, =0x86
   55 00000008 EA41 0102       ORR              R1, R2
   56 0000000C 6001            STR              R1, [R0]
   57 0000000E         
   58 0000000E BF00            NOP
   59 00000010 BF00            NOP
   60 00000012 BF00            NOP
   61 00000014         
   62 00000014         
   63 00000014         ;************ DIRECTION ********************************
                       ***** 
   64 00000014         ;DIRECTION  PORT C
   65 00000014 48B1            LDR              R0,=GPIODIRC ; R0 contient 0x40
                                                            006000+ 0x400
   66 00000016 6802            LDR              R2,[R0]     ; on charge 0x40006
                                                            000+ 0x400 dans R2
   67 00000018 F04F 0110       LDR              R1,=0x10    ; on charge 0x10 da
                                                            ns R1
   68 0000001C EA41 0102       ORR              R1,R2       ; mettre les bits à
                                                             un qui n'y sont pa
                                                            s sans toucher aux 
                                                            autres
   69 00000020 6001            STR              R1,[R0]     ; on met R1 dans la
                                                             case mémoire indiq
                                                            uée par l'adresse R
                                                            0
   70 00000022         
   71 00000022         ;DIRECTION  PORT H



ARM Macro Assembler    Page 3 


   72 00000022 48AF            LDR              R0,=GPIODIRH
   73 00000024 6802            LDR              R2,[R0]
   74 00000026 F04F 01FC       LDR              R1,=0xFC
   75 0000002A EA41 0102       ORR              R1,R2
   76 0000002E 6001            STR              R1,[R0]
   77 00000030         
   78 00000030         ;************ FONCTION NUMERIQUE ***********************
                       ***** 
   79 00000030         ; FONCTION NUMERIQUE PORT C
   80 00000030 48AC            LDR              R0,=GPIODENC
   81 00000032 6802            LDR              R2,[R0]
   82 00000034 F04F 0110       LDR              R1,=0x10
   83 00000038 EA41 0102       ORR              R1,R2
   84 0000003C 6001            STR              R1,[R0]
   85 0000003E         
   86 0000003E         ; FONCTION NUMERIQUE PORT H
   87 0000003E 48AA            LDR              R0,=GPIODENH
   88 00000040 6802            LDR              R2,[R0]
   89 00000042 F04F 01FC       LDR              R1,=0xFC
   90 00000046 EA41 0102       ORR              R1,R2
   91 0000004A 6001            STR              R1,[R0]
   92 0000004C         
   93 0000004C         
   94 0000004C         ;**************** INITIALISATION DU LCD ****************
                       
   95 0000004C         ;*******************************************************
                       
   96 0000004C         
   97 0000004C         LCDINIT
   98 0000004C 49A7            LDR              R1,= 2666667 ; 1 s 
   99 0000004E F000 F931       BL               Wait
  100 00000052         
  101 00000052 F000 F93B       BL               RS0
  102 00000056 F04F 0030       LDR              R0,=0x30
  103 0000005A F000 F90A       BL               LCDWR4
  104 0000005E         
  105 0000005E F646 012B       LDR              R1,=26667   ; 5 ms
  106 00000062 F000 F927       BL               Wait
  107 00000066         
  108 00000066 F04F 0030       LDR              R0,=0x30
  109 0000006A F000 F902       BL               LCDWR4
  110 0000006E         
  111 0000006E F240 412B       LDR              R1,=1067    ; 200µs
  112 00000072 F000 F91F       BL               Wait
  113 00000076         
  114 00000076 F04F 0030       LDR              R0,=0x30
  115 0000007A F000 F8FA       BL               LCDWR4
  116 0000007E         
  117 0000007E F240 412B       LDR              R1,=1067    ; 100 us
  118 00000082 F000 F917       BL               Wait
  119 00000086         
  120 00000086 F04F 0020       LDR              R0,=0x20    ;
  121 0000008A F000 F8F2       BL               LCDWR4
  122 0000008E         
  123 0000008E F240 110B       LDR              R1,=267     ; 50us
  124 00000092 F000 F90F       BL               Wait
  125 00000096         
  126 00000096 F04F 0028       LDR              R0,=0x28
  127 0000009A F000 F903       BL               LCDWR8



ARM Macro Assembler    Page 4 


  128 0000009E         
  129 0000009E F240 110B       LDR              R1,=267     ;38 ms
  130 000000A2 F000 F907       BL               Wait
  131 000000A6         
  132 000000A6 F04F 000C       LDR              R0,=0x0C
  133 000000AA F000 F8FB       BL               LCDWR8
  134 000000AE         
  135 000000AE F240 110B       LDR              R1,=267     ;38 ms
  136 000000B2 F000 F8FF       BL               Wait
  137 000000B6         
  138 000000B6 F04F 0001       LDR              R0,=0x01
  139 000000BA F000 F8F3       BL               LCDWR8
  140 000000BE         
  141 000000BE F642 11AB       LDR              R1,=10667   ; 2ms
  142 000000C2 F000 F8F7       BL               Wait
  143 000000C6         
  144 000000C6         
  145 000000C6         
  146 000000C6         
  147 000000C6         ;**************** ACTIVATION DU PORT B **************
  148 000000C6         ;**************** ACTIVATION DE RCGC1 ***************
  149 000000C6         
  150 000000C6 488A            LDR              R0,=RCGC1
  151 000000C8 F44F 3180       LDR              R1,=0x10000
  152 000000CC 6001            STR              R1,[R0]
  153 000000CE         
  154 000000CE         ;*****************************************************
  155 000000CE         ;***************** DIRECTION *************************
  156 000000CE 4889            LDR              R0, =GPIOBDIR
  157 000000D0 6801            LDR              R1, [R0]
  158 000000D2 F04F 0208       LDR              R2, =0x08
  159 000000D6         ;ORR R1, R2
  160 000000D6         ;MVN R2, R2 
  161 000000D6         ;AND R1, R2
  162 000000D6 6002            STR              R2, [R0]
  163 000000D8         
  164 000000D8         ;*****************************************************
  165 000000D8         ;************** NUMERIQUE ****************************
  166 000000D8 4887            LDR              R0,=GPIOBDEN
  167 000000DA 6801            LDR              R1,[R0]
  168 000000DC F04F 020C       LDR              R2, =0X0C
  169 000000E0 EA41 0102       ORR              R1, R2
  170 000000E4 6001            STR              R1,[R0]
  171 000000E6         
  172 000000E6         
  173 000000E6         ;*****************************************************
  174 000000E6         ;CONFIG GPIOBCFG POUR ETRE EN 32 bits ****************
  175 000000E6 4885            LDR              R0, =GPTMCFG
  176 000000E8 F04F 0100       LDR              R1, = 0X00
  177 000000EC 6001            STR              R1,[R0]
  178 000000EE         
  179 000000EE         
  180 000000EE         ;*****************************************************
  181 000000EE         ;CONFIG GPIOBIBE POUR DES INTERRUPTIONS SUR LES DEUX FRO
                       NTS
  182 000000EE 4884            LDR              R0, =GPIOBIBE
  183 000000F0 F04F 0104       LDR              R1, = 0X4
  184 000000F4 6001            STR              R1,[R0]
  185 000000F6         



ARM Macro Assembler    Page 5 


  186 000000F6         
  187 000000F6         
  188 000000F6         ;*****************************************************
  189 000000F6         ;CONFIG GPIOBIM POUR DES INTERRUPTION TOUT COURT *****
  190 000000F6 4883            LDR              R0, =GPIOBIM
  191 000000F8 F04F 0104       LDR              R1, = 0X4
  192 000000FC 6001            STR              R1,[R0]
  193 000000FE         ;*****************************************************
  194 000000FE         
  195 000000FE         
  196 000000FE         ;*****************************************************
  197 000000FE         ;******* GPTMTAMR EN MODE ONE-SHOT********************
  198 000000FE 4882            LDR              R0, =GPTMTAMR
  199 00000100 F04F 0101       LDR              R1, =0X1
  200 00000104 6001            STR              R1,[R0]
  201 00000106         
  202 00000106         ;*****************************************************
  203 00000106         ;GTPMTAILR POUR REGLER LA VALEUR INITIALE DU COMPTEUR
  204 00000106 4881            LDR              R0, =GPTMTAILR
  205 00000108 F04F 31FF       LDR              R1, =0XFFFFFFFF
  206 0000010C 6001            STR              R1, [R0]
  207 0000010E         
  208 0000010E         ;*****************************************************
  209 0000010E         ;************ Activation du NVIC *********************
  210 0000010E         
  211 0000010E 4880            LDR              R0, =NVIC
  212 00000110 F04F 0102       LDR              R1, =0X02
  213 00000114 6001            STR              R1, [R0]
  214 00000116         
  215 00000116         ;******************************************************
  216 00000116         
  217 00000116         ;************** PROGRAMMME PRINCIPAAAAAL **************
  218 00000116         ;******************************************************
  219 00000116         
  220 00000116 F000 F8D3       BL               RS1
  221 0000011A 487E            LDR              R0,=txt
  222 0000011C F000 F89A       BL               LCDPUTS
  223 00000120 F240 110B       LDR              R1,=267
  224 00000124 F000 F8C6       BL               Wait
  225 00000128         
  226 00000128 F000 F8D0       BL               RS0
  227 0000012C F04F 00C6       LDR              R0, =0xC6
  228 00000130 F000 F8B8       BL               LCDWR8
  229 00000134 F240 110B       LDR              R1,=267
  230 00000138 F000 F8BC       BL               Wait
  231 0000013C         
  232 0000013C F000 F8C0       BL               RS1
  233 00000140 4875            LDR              R0,=cm
  234 00000142 F000 F887       BL               LCDPUTS
  235 00000146 F240 110B       LDR              R1,=267
  236 0000014A F000 F8B3       BL               Wait
  237 0000014E         
  238 0000014E F000 F8BD       BL               RS0
  239 00000152 F04F 0080       LDR              R0,=0x80
  240 00000156 F000 F8A5       BL               LCDWR8
  241 0000015A F240 110B       LDR              R1,=267
  242 0000015E F000 F8A9       BL               Wait
  243 00000162         
  244 00000162         ; 1.Générer Trigger 



ARM Macro Assembler    Page 6 


  245 00000162         test
  246 00000162 486E            LDR              R0, =TRIGGER
  247 00000164 F04F 0108       LDR              R1, =2_1000
  248 00000168 6001            STR              R1, [R0]
  249 0000016A         
  250 0000016A F04F 0150       LDR              R1,=80      ; + de 10 micro sec
                                                            onde
  251 0000016E F000 F8A1       BL               Wait
  252 00000172         
  253 00000172         
  254 00000172 486A            LDR              R0, =TRIGGER
  255 00000174 F04F 0100       MOV              R1,#0
  256 00000178 6001            STR              R1, [R0]
  257 0000017A         
  258 0000017A 4969            LDR              R1,=0x3FFFF ;50ms
  259 0000017C F000 F89A       BL               Wait
  260 00000180         
  261 00000180         
  262 00000180 E7EF            B                test
  263 00000182         
  264 00000182 B500    SRF05ECHO
                               PUSH{LR}
  265 00000184         
  266 00000184 4867            LDR              R0,=ECHO
  267 00000186 6801            LDR              R1,[R0]
  268 00000188 2900            CMP              R1,#0
  269 0000018A D004            BEQ              BAS
  270 0000018C         
  271 0000018C         HAUT                                 ;Activer le Timer
  272 0000018C 4866            LDR              R0, =GPTMCTL
  273 0000018E F04F 0101       LDR              R1, =0X01
  274 00000192 6001            STR              R1, [R0]
  275 00000194 E059            B                finint
  276 00000196         
  277 00000196         BAS
  278 00000196         ;Desactiver le Timer
  279 00000196 4864            LDR              R0, =GPTMCTL
  280 00000198 F04F 0100       LDR              R1, =0X00
  281 0000019C 6001            STR              R1, [R0]
  282 0000019E         
  283 0000019E         ; Sauve valeur2
  284 0000019E 4F63            LDR              R7,=GPTMTAV
  285 000001A0 F8D7 8000       LDR              R8,[R7]
  286 000001A4         
  287 000001A4         ; Calcul de la durée écoulée
  288 000001A4 F04F 3AFF       LDR              R10,=0xFFFFFFFF
  289 000001A8 EBAA 0908       SUB              R9,R10,R8
  290 000001AC         
  291 000001AC         ; Division par 58*16
  292 000001AC F44F 7B68       LDR              R11,=928
  293 000001B0 FBB9 F9FB       UDIV             R9,R11
  294 000001B4 F04F 3130       LDR              R1,=0x30303030
  295 000001B8 F04F 0B0A       LDR              R11,=10
  296 000001BC FBB9 F8FB       UDIV             R8,R9,R11
  297 000001C0 FB08 F70B       MUL              R7,R8,R11
  298 000001C4 EBA9 0007       SUB              R0,R9,R7
  299 000001C8 EA4F 6000       LSL              R0,#24
  300 000001CC EA41 0100       ORR              R1,R0
  301 000001D0         



ARM Macro Assembler    Page 7 


  302 000001D0 46C1            MOV              R9,R8
  303 000001D2 FBB9 F8FB       UDIV             R8,R9,R11
  304 000001D6 FB08 F70B       MUL              R7,R8,R11
  305 000001DA EBA9 0007       SUB              R0,R9,R7
  306 000001DE EA4F 4000       LSL              R0,#16
  307 000001E2 EA41 0100       ORR              R1,R0
  308 000001E6         
  309 000001E6 46C1            MOV              R9,R8
  310 000001E8 FBB9 F8FB       UDIV             R8,R9,R11
  311 000001EC FB08 F70B       MUL              R7,R8,R11
  312 000001F0 EBA9 0007       SUB              R0,R9,R7
  313 000001F4 EA4F 2000       LSL              R0,#8
  314 000001F8 EA41 0100       ORR              R1,R0
  315 000001FC         
  316 000001FC 46C1            MOV              R9,R8
  317 000001FE FBB9 F8FB       UDIV             R8,R9,R11
  318 00000202 FB08 F70B       MUL              R7,R8,R11
  319 00000206 EBA9 0007       SUB              R0,R9,R7
  320 0000020A EA41 0100       ORR              R1,R0
  321 0000020E         ; Fin de la  conversion
  322 0000020E         
  323 0000020E         
  324 0000020E 4A48            LDR              R2,=res
  325 00000210 6011            STR              R1,[R2]
  326 00000212 F04F 0100       LDR              R1,=0
  327 00000216 6051            STR              R1,[R2,#4]
  328 00000218         
  329 00000218         
  330 00000218 F000 F858       BL               RS0
  331 0000021C F04F 00C2       LDR              R0,=0xC2
  332 00000220 F000 F840       BL               LCDWR8
  333 00000224 F240 110B       LDR              R1,=267
  334 00000228 F000 F844       BL               Wait
  335 0000022C         
  336 0000022C F000 F848       BL               RS1
  337 00000230 483F            LDR              R0,=res
  338 00000232 F000 F80F       BL               LCDPUTS
  339 00000236 F240 110B       LDR              R1,=267
  340 0000023A F000 F83B       BL               Wait
  341 0000023E         
  342 0000023E         
  343 0000023E F000 F83F       BL               RS1
  344 00000242 483A            LDR              R0,=GPTMTAV
  345 00000244 F04F 31FF       LDR              R1,=0xFFFFFFFF
  346 00000248 6001            STR              R1,[R0]
  347 0000024A         
  348 0000024A         finint
  349 0000024A 483B            LDR              R0, =GPIOBICR
  350 0000024C F04F 0104       LDR              R1, = 0x4
  351 00000250 6001            STR              R1,[R0]
  352 00000252         
  353 00000252 BD00            POP{PC}
  354 00000254         
  355 00000254         
  356 00000254         
  357 00000254         
  358 00000254         
  359 00000254         
  360 00000254         



ARM Macro Assembler    Page 8 


  361 00000254         
  362 00000254         
  363 00000254         
  364 00000254         
  365 00000254         
  366 00000254         
  367 00000254         
  368 00000254         
  369 00000254         
  370 00000254         ;*********************** FONCTION LCD PUTS*************
  371 00000254         ;******************************************************
  372 00000254         
  373 00000254         
  374 00000254 B500    LCDPUTS PUSH             {LR}
  375 00000256 4604            MOV              R4, R0
  376 00000258         loop
  377 00000258 7820            LDRB             R0, [R4]
  378 0000025A 2800            CMP              R0, #0
  379 0000025C D008            BEQ              fin
  380 0000025E F000 F821       BL               LCDWR8
  381 00000262 F104 0401       ADD              R4, #1
  382 00000266 F240 110B       LDR              R1,= 267    ; 50ms BL WAIT B re
                                                            tour fin POP {PC}
  383 0000026A F000 F823       BL               Wait
  384 0000026E E7F3            B                loop
  385 00000270 BD00    fin     POP              {PC}
  386 00000272         
  387 00000272         
  388 00000272         
  389 00000272         ;********************* Fonction LCDWR4+8****************
                       
  390 00000272         ;*******************************************************
                       
  391 00000272         
  392 00000272 B500    LCDWR4  PUSH{LR}
  393 00000274         
  394 00000274 4A31            LDR              R2,=RW
  395 00000276 F04F 0100       LDR              R1,= 0x0
  396 0000027A 6011            STR              R1,[R2]
  397 0000027C         
  398 0000027C BF00            NOP
  399 0000027E         
  400 0000027E 4A30            LDR              R2,= DB4567
  401 00000280 6010            STR              R0,[R2]
  402 00000282         
  403 00000282 4A30            LDR              R2,= E
  404 00000284 F04F 0108       LDR              R1,= 0x8
  405 00000288 6011            STR              R1,[R2]
  406 0000028A         
  407 0000028A F04F 0103       LDR              R1,=3
  408 0000028E F000 F811       BL               Wait
  409 00000292         
  410 00000292 4A2C            LDR              R2,= E
  411 00000294 F04F 0100       LDR              R1,= 0x0
  412 00000298 6011            STR              R1,[R2]
  413 0000029A         
  414 0000029A F04F 0103       LDR              R1,=3
  415 0000029E F000 F809       BL               Wait
  416 000002A2         



ARM Macro Assembler    Page 9 


  417 000002A2 BD00            POP              {PC}
  418 000002A4         
  419 000002A4         ;*************** FONCTION LCDWR8 ******************
  420 000002A4         ;*************** 2x LCDWR4 + DECALLAGE ************
  421 000002A4         
  422 000002A4         LCDWR8
  423 000002A4 B500            PUSH{LR}
  424 000002A6 F7FF FFE4       BL               LCDWR4
  425 000002AA EA4F 1000       LSL              R0,#4
  426 000002AE F7FF FFE0       BL               LCDWR4
  427 000002B2 BD00            POP              {PC}
  428 000002B4         
  429 000002B4         ;*************** FONCTION WAIT ********************
  430 000002B4         ;**************************************************
  431 000002B4 B500    Wait    PUSH             {LR}
  432 000002B6 F1A1 0101 
                       |b|     SUB              R1,#1
  433 000002BA 2900            CMP              R1,#0
  434 000002BC D1FB            BNE              |b|
  435 000002BE BD00            POP              {PC}
  436 000002C0         ;*************** FONCTION MODIFICATION RS ********** 
  437 000002C0         ;***************************************************
  438 000002C0         ;FONCTION RS 1 
  439 000002C0 B500    RS1     PUSH             {LR}
  440 000002C2 4A21            LDR              R2,=RS
  441 000002C4 F04F 0310       LDR              R3,=0x10
  442 000002C8 6013            STR              R3,[R2]
  443 000002CA BD00            POP              {PC}
  444 000002CC         
  445 000002CC         ; FONCTION RS 0
  446 000002CC B500    RS0     PUSH             {LR}
  447 000002CE 4A1E            LDR              R2,=RS
  448 000002D0 F04F 0300       LDR              R3,=0x0
  449 000002D4 6013            STR              R3,[R2]
  450 000002D6 BD00            POP              {PC}
  451 000002D8         
  452 000002D8         Nop
  453 000002D8         ;*****************************************************
  454 000002D8         ; Tableau
  455 000002D8         
  456 000002D8 400FE108 
              40006400 
              40027400 
              4000651C 
              4002751C 
              0028B0AB 
              400FE104 
              40005400 
              4000551C 
              40030000 
              40005408 
              40005410 
              40030004 
              40030028 
              E000E100 
              00000000 
              00000000 
              40005020 
              0003FFFF 



ARM Macro Assembler    Page 10 


              40005010 
              4003000C 
              40030050 
              00000000 
              00000000 
              4000541C 
              40027010 
              400273C0 
              40027020 
              40006040         AREA             Variable, READWRITE
  457 00000000         
  458 00000000 30 30 30 
              30 00    res     DCB              "0000",0
  459 00000005         
  460 00000005                 AREA             Constante, READONLY
  461 00000000         
  462 00000000 4C 61 20 
              64 69 73 
              74 61 6E 
              63 65 20 
              65 73 74 
              00       txt     DCB              "La distance est",0
  463 00000010 20 63 6D 
              20 68 69 
              68 69 68 
              69 20 00 cm      DCB              " cm hihihi ",0
  464 0000001C         
  465 0000001C         
  466 0000001C         
  467 0000001C         
  468 0000001C         
  469 0000001C         
  470 0000001C         
  471 0000001C         
  472 0000001C         
  473 0000001C         
  474 0000001C         
  475 0000001C         
  476 0000001C         
  477 0000001C         
  478 0000001C         
  479 0000001C         
  480 0000001C         
  481 0000001C                 END
Command Line: --debug --xref --cpu=Cortex-M3 --apcs=interwork --depend=.\interr
uption.d -o.\interruption.o -IC:\Keil\ARM\RV31\INC -IC:\Keil\ARM\CMSIS\Include 
-IC:\Keil\ARM\Inc\Luminary --predefine="__EVAL SETA 1" --predefine="__MICROLIB 
SETA 1" --list=.\interruption.lst Interruption.asm



ARM Macro Assembler    Page 1 Alphabetic symbol ordering
Relocatable symbols

BAS 00000196

Symbol: BAS
   Definitions
      At line 277 in file Interruption.asm
   Uses
      At line 269 in file Interruption.asm
Comment: BAS used once
HAUT 0000018C

Symbol: HAUT
   Definitions
      At line 271 in file Interruption.asm
   Uses
      None
Comment: HAUT unused
LCDINIT 0000004C

Symbol: LCDINIT
   Definitions
      At line 97 in file Interruption.asm
   Uses
      None
Comment: LCDINIT unused
LCDPUTS 00000254

Symbol: LCDPUTS
   Definitions
      At line 374 in file Interruption.asm
   Uses
      At line 222 in file Interruption.asm
      At line 234 in file Interruption.asm
      At line 338 in file Interruption.asm

LCDWR4 00000272

Symbol: LCDWR4
   Definitions
      At line 392 in file Interruption.asm
   Uses
      At line 103 in file Interruption.asm
      At line 109 in file Interruption.asm
      At line 115 in file Interruption.asm
      At line 121 in file Interruption.asm
      At line 424 in file Interruption.asm
      At line 426 in file Interruption.asm

LCDWR8 000002A4

Symbol: LCDWR8
   Definitions
      At line 422 in file Interruption.asm
   Uses
      At line 127 in file Interruption.asm
      At line 133 in file Interruption.asm
      At line 139 in file Interruption.asm
      At line 228 in file Interruption.asm
      At line 240 in file Interruption.asm
      At line 332 in file Interruption.asm



ARM Macro Assembler    Page 2 Alphabetic symbol ordering
Relocatable symbols

      At line 380 in file Interruption.asm

Nop 000002D8

Symbol: Nop
   Definitions
      At line 452 in file Interruption.asm
   Uses
      None
Comment: Nop unused
RS0 000002CC

Symbol: RS0
   Definitions
      At line 446 in file Interruption.asm
   Uses
      At line 101 in file Interruption.asm
      At line 226 in file Interruption.asm
      At line 238 in file Interruption.asm
      At line 330 in file Interruption.asm

RS1 000002C0

Symbol: RS1
   Definitions
      At line 439 in file Interruption.asm
   Uses
      At line 220 in file Interruption.asm
      At line 232 in file Interruption.asm
      At line 336 in file Interruption.asm
      At line 343 in file Interruption.asm

SRF05ECHO 00000182

Symbol: SRF05ECHO
   Definitions
      At line 264 in file Interruption.asm
   Uses
      At line 3 in file Interruption.asm
Comment: SRF05ECHO used once
TP2 00000000

Symbol: TP2
   Definitions
      At line 1 in file Interruption.asm
   Uses
      None
Comment: TP2 unused
Wait 000002B4

Symbol: Wait
   Definitions
      At line 431 in file Interruption.asm
   Uses
      At line 99 in file Interruption.asm
      At line 106 in file Interruption.asm
      At line 112 in file Interruption.asm
      At line 118 in file Interruption.asm
      At line 124 in file Interruption.asm



ARM Macro Assembler    Page 3 Alphabetic symbol ordering
Relocatable symbols

      At line 130 in file Interruption.asm
      At line 136 in file Interruption.asm
      At line 142 in file Interruption.asm
      At line 224 in file Interruption.asm
      At line 230 in file Interruption.asm
      At line 236 in file Interruption.asm
      At line 242 in file Interruption.asm
      At line 251 in file Interruption.asm
      At line 259 in file Interruption.asm
      At line 334 in file Interruption.asm
      At line 340 in file Interruption.asm
      At line 383 in file Interruption.asm
      At line 408 in file Interruption.asm
      At line 415 in file Interruption.asm

__main 00000000

Symbol: __main
   Definitions
      At line 46 in file Interruption.asm
   Uses
      At line 45 in file Interruption.asm
Comment: __main used once
b 000002B6

Symbol: b
   Definitions
      At line 432 in file Interruption.asm
   Uses
      At line 434 in file Interruption.asm
Comment: b used once
fin 00000270

Symbol: fin
   Definitions
      At line 385 in file Interruption.asm
   Uses
      At line 379 in file Interruption.asm
Comment: fin used once
finint 0000024A

Symbol: finint
   Definitions
      At line 348 in file Interruption.asm
   Uses
      At line 275 in file Interruption.asm
Comment: finint used once
loop 00000258

Symbol: loop
   Definitions
      At line 376 in file Interruption.asm
   Uses
      At line 384 in file Interruption.asm
Comment: loop used once
test 00000162

Symbol: test
   Definitions



ARM Macro Assembler    Page 4 Alphabetic symbol ordering
Relocatable symbols

      At line 245 in file Interruption.asm
   Uses
      At line 262 in file Interruption.asm
Comment: test used once
18 symbols



ARM Macro Assembler    Page 1 Alphabetic symbol ordering
Relocatable symbols

Variable 00000000

Symbol: Variable
   Definitions
      At line 456 in file Interruption.asm
   Uses
      None
Comment: Variable unused
res 00000000

Symbol: res
   Definitions
      At line 458 in file Interruption.asm
   Uses
      At line 324 in file Interruption.asm
      At line 337 in file Interruption.asm

2 symbols



ARM Macro Assembler    Page 1 Alphabetic symbol ordering
Relocatable symbols

Constante 00000000

Symbol: Constante
   Definitions
      At line 460 in file Interruption.asm
   Uses
      None
Comment: Constante unused
cm 00000010

Symbol: cm
   Definitions
      At line 463 in file Interruption.asm
   Uses
      At line 233 in file Interruption.asm
Comment: cm used once
txt 00000000

Symbol: txt
   Definitions
      At line 462 in file Interruption.asm
   Uses
      At line 221 in file Interruption.asm
Comment: txt used once
3 symbols



ARM Macro Assembler    Page 1 Alphabetic symbol ordering
Absolute symbols

DB4567 400273C0

Symbol: DB4567
   Definitions
      At line 15 in file Interruption.asm
   Uses
      At line 400 in file Interruption.asm
Comment: DB4567 used once
E 40027020

Symbol: E
   Definitions
      At line 12 in file Interruption.asm
   Uses
      At line 403 in file Interruption.asm
      At line 410 in file Interruption.asm

ECHO 40005010

Symbol: ECHO
   Definitions
      At line 20 in file Interruption.asm
   Uses
      At line 266 in file Interruption.asm
Comment: ECHO used once
GPIOB 40005000

Symbol: GPIOB
   Definitions
      At line 19 in file Interruption.asm
   Uses
      At line 20 in file Interruption.asm
      At line 21 in file Interruption.asm
      At line 24 in file Interruption.asm
      At line 25 in file Interruption.asm
      At line 26 in file Interruption.asm
      At line 27 in file Interruption.asm
      At line 28 in file Interruption.asm

GPIOBDEN 4000551C

Symbol: GPIOBDEN
   Definitions
      At line 25 in file Interruption.asm
   Uses
      At line 166 in file Interruption.asm
Comment: GPIOBDEN used once
GPIOBDIR 40005400

Symbol: GPIOBDIR
   Definitions
      At line 24 in file Interruption.asm
   Uses
      At line 156 in file Interruption.asm
Comment: GPIOBDIR used once
GPIOBIBE 40005408

Symbol: GPIOBIBE
   Definitions



ARM Macro Assembler    Page 2 Alphabetic symbol ordering
Absolute symbols

      At line 26 in file Interruption.asm
   Uses
      At line 182 in file Interruption.asm
Comment: GPIOBIBE used once
GPIOBICR 4000541C

Symbol: GPIOBICR
   Definitions
      At line 28 in file Interruption.asm
   Uses
      At line 349 in file Interruption.asm
Comment: GPIOBICR used once
GPIOBIM 40005410

Symbol: GPIOBIM
   Definitions
      At line 27 in file Interruption.asm
   Uses
      At line 190 in file Interruption.asm
Comment: GPIOBIM used once
GPIODENC 4000651C

Symbol: GPIODENC
   Definitions
      At line 11 in file Interruption.asm
   Uses
      At line 80 in file Interruption.asm
Comment: GPIODENC used once
GPIODENH 4002751C

Symbol: GPIODENH
   Definitions
      At line 10 in file Interruption.asm
   Uses
      At line 87 in file Interruption.asm
Comment: GPIODENH used once
GPIODIRC 40006400

Symbol: GPIODIRC
   Definitions
      At line 8 in file Interruption.asm
   Uses
      At line 65 in file Interruption.asm
Comment: GPIODIRC used once
GPIODIRH 40027400

Symbol: GPIODIRH
   Definitions
      At line 9 in file Interruption.asm
   Uses
      At line 72 in file Interruption.asm
Comment: GPIODIRH used once
GPTMCFG 40030000

Symbol: GPTMCFG
   Definitions
      At line 33 in file Interruption.asm
   Uses
      At line 175 in file Interruption.asm



ARM Macro Assembler    Page 3 Alphabetic symbol ordering
Absolute symbols

Comment: GPTMCFG used once
GPTMCTL 4003000C

Symbol: GPTMCTL
   Definitions
      At line 35 in file Interruption.asm
   Uses
      At line 272 in file Interruption.asm
      At line 279 in file Interruption.asm

GPTMT0 40030000

Symbol: GPTMT0
   Definitions
      At line 32 in file Interruption.asm
   Uses
      At line 33 in file Interruption.asm
      At line 34 in file Interruption.asm
      At line 35 in file Interruption.asm
      At line 36 in file Interruption.asm
      At line 37 in file Interruption.asm

GPTMTAILR 40030028

Symbol: GPTMTAILR
   Definitions
      At line 36 in file Interruption.asm
   Uses
      At line 204 in file Interruption.asm
Comment: GPTMTAILR used once
GPTMTAMR 40030004

Symbol: GPTMTAMR
   Definitions
      At line 34 in file Interruption.asm
   Uses
      At line 198 in file Interruption.asm
Comment: GPTMTAMR used once
GPTMTAV 40030050

Symbol: GPTMTAV
   Definitions
      At line 37 in file Interruption.asm
   Uses
      At line 284 in file Interruption.asm
      At line 344 in file Interruption.asm

NVIC E000E100

Symbol: NVIC
   Definitions
      At line 30 in file Interruption.asm
   Uses
      At line 211 in file Interruption.asm
Comment: NVIC used once
RCGC1 400FE104

Symbol: RCGC1
   Definitions



ARM Macro Assembler    Page 4 Alphabetic symbol ordering
Absolute symbols

      At line 6 in file Interruption.asm
   Uses
      At line 150 in file Interruption.asm
Comment: RCGC1 used once
RCGC2 400FE108

Symbol: RCGC2
   Definitions
      At line 7 in file Interruption.asm
   Uses
      At line 52 in file Interruption.asm
Comment: RCGC2 used once
RS 40006040

Symbol: RS
   Definitions
      At line 14 in file Interruption.asm
   Uses
      At line 440 in file Interruption.asm
      At line 447 in file Interruption.asm

RW 40027010

Symbol: RW
   Definitions
      At line 13 in file Interruption.asm
   Uses
      At line 394 in file Interruption.asm
Comment: RW used once
TRIGGER 40005020

Symbol: TRIGGER
   Definitions
      At line 21 in file Interruption.asm
   Uses
      At line 246 in file Interruption.asm
      At line 254 in file Interruption.asm

25 symbols
382 symbols in table
